Arguments: 
  /home/david/.nvm/versions/node/v13.7.0/bin/node /usr/local/bin/yarn init

PATH: 
  /home/david/.nvm/versions/node/v13.7.0/bin:/home/david/.rbenv/plugins/ruby-build/bin:/home/david/.rbenv/shims:/home/david/.rbenv/bin:/usr/local/sbin:/usr/local/bin:/usr/sbin:/usr/bin:/sbin:/bin:/usr/games:/usr/local/games:/snap/bin:/home/david/.rvm/bin

Yarn version: 
  1.3.2

Node version: 
  13.7.0

Platform: 
  linux x64

npm manifest: 
  No manifest

yarn manifest: 
  No manifest

Lockfile: 
  No lockfile

Trace: 
  Error: canceled
      at Interface.<anonymous> (/usr/local/lib/node_modules/yarn/lib/cli.js:121045:13)
      at Interface.emit (events.js:321:20)
      at Interface._ttyWrite (readline.js:864:16)
      at ReadStream.onkeypress (readline.js:203:10)
      at ReadStream.emit (events.js:321:20)
      at emitKeys (internal/readline/utils.js:450:14)
      at emitKeys.next (<anonymous>)
      at ReadStream.onData (readline.js:1131:36)
      at ReadStream.emit (events.js:321:20)
      at addChunk (_stream_readable.js:297:12)
